2026-04-08 16:12:33,666 - INFO - select pg_catalog.version()
2026-04-08 16:12:33,667 - INFO - [raw sql] ()
2026-04-08 16:12:33,677 - INFO - select current_schema()
2026-04-08 16:12:33,678 - INFO - [raw sql] ()
2026-04-08 16:12:33,683 - INFO - show standard_conforming_strings
2026-04-08 16:12:33,683 - INFO - [raw sql] ()
2026-04-08 16:12:33,684 - INFO - BEGIN (implicit)
2026-04-08 16:12:33,688 - INFO - SELECT users.id, users.username, users.email, users.hashed_password 
FROM users 
WHERE users.email = $1::VARCHAR
2026-04-08 16:12:33,689 - INFO - [generated in 0.00045s] ('hieu2k3k@gmail.com',)
2026-04-08 16:12:34,134 - INFO - INSERT INTO users (username, email, hashed_password) VALUES ($1::VARCHAR, $2::VARCHAR, $3::VARCHAR) RETURNING users.id
2026-04-08 16:12:34,134 - INFO - [generated in 0.00024s] ('VuongHieu', 'hieu2k3k@gmail.com', '$2b$12$qsZDlbe2Ght4MvQl8RgSfOEje8vCkODWK87MQtvS4IycfVAvH7Hie')
2026-04-08 16:12:34,137 - INFO - COMMIT
2026-04-08 16:12:34,141 - INFO - BEGIN (implicit)
2026-04-08 16:12:34,142 - INFO - SELECT users.id, users.username, users.email, users.hashed_password 
FROM users 
WHERE users.id = $1::INTEGER
2026-04-08 16:12:34,142 - INFO - [generated in 0.00014s] (2,)
2026-04-08 16:12:34,145 - INFO - Bắt đầu xử lý cho User mới: VuongHieu
2026-04-08 16:12:34,145 - INFO - AUDIT_LOG | Action: REGISTER | User: VuongHieu | Email: hieu2k3k@gmail.com
2026-04-08 16:12:35,731 - INFO - HTTP Request: POST https://httpbin.org/post "HTTP/1.1 200 OK"
2026-04-08 16:12:35,732 - INFO - Đã gửi thông báo Webhook tới Admin thành công.
2026-04-08 16:12:35,733 - INFO - Mã OTP [5EA0FF] đã sẵn sàng để gửi tới dịch vụ Email (SendGrid/AWS SES).
2026-04-08 16:12:35,733 - INFO - ROLLBACK
2026-04-08 16:15:37,927 - INFO - select pg_catalog.version()
2026-04-08 16:15:37,927 - INFO - [raw sql] ()
2026-04-08 16:15:37,930 - INFO - select current_schema()
2026-04-08 16:15:37,930 - INFO - [raw sql] ()
2026-04-08 16:15:37,932 - INFO - show standard_conforming_strings
2026-04-08 16:15:37,932 - INFO - [raw sql] ()
2026-04-08 16:15:37,937 - INFO - BEGIN (implicit)
2026-04-08 16:15:37,941 - INFO - SELECT users.id, users.username, users.email, users.hashed_password 
FROM users 
WHERE users.email = $1::VARCHAR
2026-04-08 16:15:37,941 - INFO - [generated in 0.00033s] ('VMH@example.com',)
2026-04-08 16:15:38,386 - INFO - INSERT INTO users (username, email, hashed_password) VALUES ($1::VARCHAR, $2::VARCHAR, $3::VARCHAR) RETURNING users.id
2026-04-08 16:15:38,386 - INFO - [generated in 0.00033s] ('VMH', 'VMH@example.com', '$2b$12$V7jSpScPZ0jf..3TTVJmEOoUIrjLx6wGWbliIrnKU9NTQs/82hEHW')
2026-04-08 16:15:38,388 - INFO - COMMIT
2026-04-08 16:15:38,390 - INFO - BEGIN (implicit)
2026-04-08 16:15:38,391 - INFO - SELECT users.id, users.username, users.email, users.hashed_password 
FROM users 
WHERE users.id = $1::INTEGER
2026-04-08 16:15:38,391 - INFO - [generated in 0.00016s] (3,)
2026-04-08 16:15:38,393 - INFO - Bắt đầu xử lý cho User mới: VMH
2026-04-08 16:15:38,393 - INFO - AUDIT_LOG | Action: REGISTER | User: VMH | Email: VMH@example.com
2026-04-08 16:15:39,743 - INFO - HTTP Request: POST https://httpbin.org/post "HTTP/1.1 200 OK"
2026-04-08 16:15:39,745 - INFO - Đã gửi thông báo Webhook tới Admin thành công.
2026-04-08 16:15:39,746 - INFO - Mã OTP [076E31] đã sẵn sàng để gửi tới dịch vụ Email (SendGrid/AWS SES).
2026-04-08 16:15:39,747 - INFO - ROLLBACK
